[14-Mar-2019 11:08:24 UTC] PHP Fatal error:  Cannot declare class App\Http\Controllers\Auth\RegisterController, because the name is already in use in /home/ubuntu/workspace/cms/storage/framework/views/f52df0477263eb728504c9cde5861d9054f458fb.php on line 11
[14-Mar-2019 11:08:48 UTC] PHP Fatal error:  Cannot declare class App\Http\Controllers\Auth\RegisterController, because the name is already in use in /home/ubuntu/workspace/cms/storage/framework/views/f52df0477263eb728504c9cde5861d9054f458fb.php on line 11
[14-Mar-2019 11:09:08 UTC] PHP Fatal error:  Cannot declare class App\Http\Controllers\Auth\RegisterController, because the name is already in use in /home/ubuntu/workspace/cms/storage/framework/views/f52df0477263eb728504c9cde5861d9054f458fb.php on line 11
[14-Mar-2019 11:09:14 UTC] PHP Fatal error:  Cannot declare class App\Http\Controllers\Auth\RegisterController, because the name is already in use in /home/ubuntu/workspace/cms/storage/framework/views/f52df0477263eb728504c9cde5861d9054f458fb.php on line 11
[14-Mar-2019 11:09:25 UTC] PHP Fatal error:  Cannot declare class App\Http\Controllers\Auth\RegisterController, because the name is already in use in /home/ubuntu/workspace/cms/storage/framework/views/f52df0477263eb728504c9cde5861d9054f458fb.php on line 11
[14-Mar-2019 11:10:24 UTC] PHP Fatal error:  Cannot declare class App\Http\Controllers\Auth\RegisterController, because the name is already in use in /home/ubuntu/workspace/cms/storage/framework/views/f52df0477263eb728504c9cde5861d9054f458fb.php on line 11
[14-Mar-2019 11:10:36 UTC] PHP Fatal error:  Cannot declare class App\Http\Controllers\Auth\RegisterController, because the name is already in use in /home/ubuntu/workspace/cms/storage/framework/views/f52df0477263eb728504c9cde5861d9054f458fb.php on line 11
[14-Mar-2019 11:13:33 UTC] PHP Fatal error:  Cannot declare class App\Http\Controllers\Auth\RegisterController, because the name is already in use in /home/ubuntu/workspace/cms/storage/framework/views/f52df0477263eb728504c9cde5861d9054f458fb.php on line 11
[14-Mar-2019 11:13:36 UTC] PHP Fatal error:  Cannot declare class App\Http\Controllers\Auth\RegisterController, because the name is already in use in /home/ubuntu/workspace/cms/storage/framework/views/f52df0477263eb728504c9cde5861d9054f458fb.php on line 11
[14-Mar-2019 11:14:50 UTC] PHP Fatal error:  Cannot declare class App\Http\Controllers\Auth\RegisterController, because the name is already in use in /home/ubuntu/workspace/cms/storage/framework/views/f52df0477263eb728504c9cde5861d9054f458fb.php on line 11
[14-Mar-2019 11:16:18 UTC] PHP Fatal error:  Cannot declare class App\Http\Controllers\Auth\RegisterController, because the name is already in use in /home/ubuntu/workspace/cms/storage/framework/views/f52df0477263eb728504c9cde5861d9054f458fb.php on line 11
[14-Mar-2019 11:16:32 UTC] PHP Fatal error:  Cannot declare class App\Http\Controllers\Auth\RegisterController, because the name is already in use in /home/ubuntu/workspace/cms/storage/framework/views/f52df0477263eb728504c9cde5861d9054f458fb.php on line 11
[14-Mar-2019 11:19:15 UTC] PHP Fatal error:  Cannot declare class App\Http\Controllers\Auth\RegisterController, because the name is already in use in /home/ubuntu/workspace/cms/storage/framework/views/f52df0477263eb728504c9cde5861d9054f458fb.php on line 11
[14-Mar-2019 11:22:08 UTC] PHP Fatal error:  Cannot declare class App\Http\Controllers\Auth\RegisterController, because the name is already in use in /home/ubuntu/workspace/cms/storage/framework/views/f52df0477263eb728504c9cde5861d9054f458fb.php on line 11
[14-Mar-2019 11:22:56 UTC] PHP Fatal error:  Cannot declare class App\Http\Controllers\Auth\RegisterController, because the name is already in use in /home/ubuntu/workspace/cms/storage/framework/views/f52df0477263eb728504c9cde5861d9054f458fb.php on line 11
[14-Mar-2019 11:24:28 UTC] PHP Fatal error:  Cannot declare class App\Http\Controllers\Auth\RegisterController, because the name is already in use in /home/ubuntu/workspace/cms/storage/framework/views/f52df0477263eb728504c9cde5861d9054f458fb.php on line 11
[15-Mar-2019 08:42:57 UTC] PHP Fatal error:  Cannot redeclare App\Http\Controllers\Auth\LoginController::$redirectTo in /home/ubuntu/workspace/cms/app/Http/Controllers/Auth/LoginController.php on line 35
[15-Mar-2019 08:44:59 UTC] PHP Fatal error:  Cannot redeclare App\Http\Controllers\Auth\LoginController::$redirectTo in /home/ubuntu/workspace/cms/app/Http/Controllers/Auth/LoginController.php on line 35
[15-Mar-2019 14:02:05 UTC] PHP Fatal error:  Cannot use Illuminate\Http\Request as Request because the name is already in use in /home/ubuntu/workspace/cms/app/Http/Controllers/IndexController.php on line 12
[15-Mar-2019 15:05:33 UTC] PHP Fatal error:  Trait 'App\Http\Controllers\AuthenticatesUsers' not found in /home/ubuntu/workspace/cms/app/Http/Controllers/IndexController.php on line 14
[19-Mar-2019 08:49:12 UTC] PHP Fatal error:  Can't use method return value in write context in /home/ubuntu/workspace/cms/app/Http/Controllers/JobController.php on line 33
[22-Mar-2019 07:48:01 UTC] PHP Fatal error:  Cannot use App\Qrcode as Qrcode because the name is already in use in /home/ubuntu/workspace/cms/app/Http/Controllers/JobController.php on line 14
